<!DOCTYPE html PUBLIC "-//W3C//DTD XHTML 1.1//EN" "http://www.w3.org/TR/xhtml11/DTD/xhtml11.dtd">
<html xmlns="http://www.w3.org/1999/xhtml"><head><title>TestNG Report</title><style type="text/css">table {margin-bottom:10px;border-collapse:collapse;empty-cells:show}th,td {border:1px solid #009;padding:.25em .5em}th {vertical-align:bottom}td {vertical-align:top}table a {font-weight:bold}.stripe td {background-color: #E6EBF9}.num {text-align:right}.passedodd td {background-color: #3F3}.passedeven td {background-color: #0A0}.skippedodd td {background-color: #DDD}.skippedeven td {background-color: #CCC}.failedodd td,.attn {background-color: #F33}.failedeven td,.stripe .attn {background-color: #D00}.stacktrace {white-space:pre;font-family:monospace}.totop {font-size:85%;text-align:center;border-bottom:2px solid #000}</style></head><body><table><tr><th>Test</th><th># Passed</th><th># Skipped</th><th># Failed</th><th>Time (ms)</th><th>Included Groups</th><th>Excluded Groups</th></tr><tr><th colspan="7">Command line suite</th></tr><tr><td><a href="#t0">Command line test</a></td><td class="num">0</td><td class="num">0</td><td class="num attn">1</td><td class="num">947</td><td></td><td></td></tr></table><table><thead><tr><th>Class</th><th>Method</th><th>Start</th><th>Time (ms)</th></tr></thead><tbody><tr><th colspan="4">Command line suite</th></tr></tbody><tbody id="t0"><tr><th colspan="4">Command line test &#8212; failed</th></tr><tr class="failedeven"><td rowspan="1">runner_classes.TestCukesRunner</td><td><a href="#m0">run_cukes</a></td><td rowspan="1">1526844373287</td><td rowspan="1">934</td></tr></tbody></table><h2>Command line test</h2><h3 id="m0">runner_classes.TestCukesRunner#run_cukes</h3><table class="result"><tr><th>Messages</th></tr><tr><td><div class="messages">&lt;div &quot;featureFile&quot;&gt;Feature File: features&amp;#x2F;GoogleFooterLinkTests.feature&lt;/div&gt;<br/>&lt;div &quot;feature&quot;&gt;Feature: Google Footer links Checkup&lt;/div&gt;<br/>&lt;div &quot;result&quot;&gt;Given  I launch the Google home page (skipped)&lt;/div&gt;<br/>&lt;div &quot;result&quot;&gt;And  I scroll down to the end of the page (skipped)&lt;/div&gt;<br/>&lt;div &quot;scenario&quot;&gt;Scenario: Terms Link test&lt;/div&gt;<br/>&lt;div &quot;result&quot;&gt;When  I click on the Terms link (skipped)&lt;/div&gt;<br/>&lt;div &quot;result&quot;&gt;Then  I see the Terms page (skipped)&lt;/div&gt;<br/>&lt;div &quot;scenarioOutline&quot;&gt;Scenario Outline: Selecting different footer links and checking the corresponding page&lt;/div&gt;<br/>&lt;div &quot;result&quot;&gt;When  I select &amp;quot;&amp;lt;footerLink_text&amp;gt;&amp;quot; link in the Google footer (skipped)&lt;/div&gt;<br/>&lt;div &quot;result&quot;&gt;Then  I verified the selected Google page by the existence of the &amp;quot;&amp;lt;linkedPage_text&amp;gt;&amp;quot; text (skipped)&lt;/div&gt;<br/>&lt;div &quot;scenario&quot;&gt;Scenario Outline: Selecting different footer links and checking the corresponding page&lt;/div&gt;<br/>&lt;div &quot;result&quot;&gt;Given  I launch the Google home page (skipped)&lt;/div&gt;<br/>&lt;div &quot;result&quot;&gt;And  I scroll down to the end of the page (skipped)&lt;/div&gt;<br/>&lt;div &quot;result&quot;&gt;When  I select &amp;quot;Privacy&amp;quot; link in the Google footer (skipped)&lt;/div&gt;<br/>&lt;div &quot;result&quot;&gt;Then  I verified the selected Google page by the existence of the &amp;quot;Welcome to the Google Privacy Policy&amp;quot; text (skipped)&lt;/div&gt;<br/>&lt;div &quot;scenario&quot;&gt;Scenario Outline: Selecting different footer links and checking the corresponding page&lt;/div&gt;<br/>&lt;div &quot;result&quot;&gt;Given  I launch the Google home page (skipped)&lt;/div&gt;<br/>&lt;div &quot;result&quot;&gt;And  I scroll down to the end of the page (skipped)&lt;/div&gt;<br/>&lt;div &quot;featureFile&quot;&gt;Feature File: features&amp;#x2F;GoogleGmailSignin.feature&lt;/div&gt;<br/>&lt;div &quot;feature&quot;&gt;Feature: Gmail Account Sign in activity test&lt;/div&gt;<br/>&lt;div &quot;result&quot;&gt;When  I select &amp;quot;Terms&amp;quot; link in the Google footer (skipped)&lt;/div&gt;<br/>&lt;div &quot;scenario&quot;&gt;Scenario: Checking Google&amp;#x27;s Gmail Sign In activities&lt;/div&gt;<br/>&lt;div &quot;result&quot;&gt;Then  I verified the selected Google page by the existence of the &amp;quot;Google Terms of Service&amp;quot; text (skipped)&lt;/div&gt;<br/>&lt;div &quot;result&quot;&gt;Given  I launch the Google home page (skipped)&lt;/div&gt;<br/>&lt;div &quot;result&quot;&gt;When  I clicked on the Sign in button on the upper-right corner (skipped)&lt;/div&gt;</div></td></tr><tr><th>Exception</th></tr><tr><td><div class="stacktrace">cucumber.runtime.CucumberException: java.lang.IllegalStateException: The driver is not executable: /Users/Dr.Mokter/workspace/WebProjectTestAutomation/./drivers/chromedriver.exe
	at cucumber.api.testng.TestNGCucumberRunner.runCukes(TestNGCucumberRunner.java:48)
	at cucumber.api.testng.AbstractTestNGCucumberTests.run_cukes(AbstractTestNGCucumberTests.java:14)
	at cucumber.api.testng.AbstractTestNGCucumberTests.run(AbstractTestNGCucumberTests.java:19)
	at org.infinitest.testrunner.JUnit4Runner.runTestNGTest(JUnit4Runner.java:83)
	at org.infinitest.testrunner.JUnit4Runner.runTest(JUnit4Runner.java:63)
	at org.infinitest.testrunner.TestRunnerProcess.runTest(TestRunnerProcess.java:70)
	at org.infinitest.testrunner.TestRunnerProcess.writeTestResultToOutputStream(TestRunnerProcess.java:112)
	at org.infinitest.testrunner.TestRunnerProcess.main(TestRunnerProcess.java:89)
Caused by: java.lang.IllegalStateException: The driver is not executable: /Users/Dr.Mokter/workspace/WebProjectTestAutomation/./drivers/chromedriver.exe
	at com.google.common.base.Preconditions.checkState(Preconditions.java:518)
	at org.openqa.selenium.remote.service.DriverService.checkExecutable(DriverService.java:140)
	at org.openqa.selenium.remote.service.DriverService.findExecutable(DriverService.java:131)
	at org.openqa.selenium.chrome.ChromeDriverService.access$000(ChromeDriverService.java:32)
	at org.openqa.selenium.chrome.ChromeDriverService$Builder.findDefaultExecutable(ChromeDriverService.java:137)
	at org.openqa.selenium.remote.service.DriverService$Builder.build(DriverService.java:330)
	at org.openqa.selenium.chrome.ChromeDriverService.createDefaultService(ChromeDriverService.java:88)
	at org.openqa.selenium.chrome.ChromeDriver.&lt;init&gt;(ChromeDriver.java:124)
	at helper_classes.SetDriver.getBrowser(SetDriver.java:28)
	at cucumber.runtime.Utils$1.call(Utils.java:34)
	at cucumber.runtime.Timeout.timeout(Timeout.java:13)
	at cucumber.runtime.Utils.invoke(Utils.java:30)
	at cucumber.runtime.java.JavaHookDefinition.execute(JavaHookDefinition.java:59)
	at cucumber.runtime.Runtime.runHookIfTagsMatch(Runtime.java:222)
	at cucumber.runtime.Runtime.runHooks(Runtime.java:210)
	at cucumber.runtime.Runtime.runBeforeHooks(Runtime.java:200)
	at cucumber.runtime.model.CucumberScenario.run(CucumberScenario.java:44)
	at cucumber.runtime.model.CucumberFeature.run(CucumberFeature.java:163)
	at cucumber.runtime.Runtime.run(Runtime.java:120)
	at cucumber.api.testng.TestNGCucumberRunner.runCukes(TestNGCucumberRunner.java:43)
	... 34 more
... Removed 31 stack frames</div></td></tr></table><p class="totop"><a href="#summary">back to summary</a></p></body></html>