<?xml version="1.0" encoding="UTF-8"?>
<testng-results skipped="0" failed="1" total="1" passed="0">
  <reporter-output>
    <line>
      <![CDATA[<div "featureFile">Feature File: features&#x2F;GoogleFooterLinkTests.feature</div>]]>
    </line>
    <line>
      <![CDATA[<div "feature">Feature: Google Footer links Checkup</div>]]>
    </line>
    <line>
      <![CDATA[<div "result">Given  I launch the Google home page (skipped)</div>]]>
    </line>
    <line>
      <![CDATA[<div "result">And  I scroll down to the end of the page (skipped)</div>]]>
    </line>
    <line>
      <![CDATA[<div "scenario">Scenario: Terms Link test</div>]]>
    </line>
    <line>
      <![CDATA[<div "result">When  I click on the Terms link (skipped)</div>]]>
    </line>
    <line>
      <![CDATA[<div "result">Then  I see the Terms page (skipped)</div>]]>
    </line>
    <line>
      <![CDATA[<div "scenarioOutline">Scenario Outline: Selecting different footer links and checking the corresponding page</div>]]>
    </line>
    <line>
      <![CDATA[<div "result">When  I select &quot;&lt;footerLink_text&gt;&quot; link in the Google footer (skipped)</div>]]>
    </line>
    <line>
      <![CDATA[<div "result">Then  I verified the selected Google page by the existence of the &quot;&lt;linkedPage_text&gt;&quot; text (skipped)</div>]]>
    </line>
    <line>
      <![CDATA[<div "scenario">Scenario Outline: Selecting different footer links and checking the corresponding page</div>]]>
    </line>
    <line>
      <![CDATA[<div "result">Given  I launch the Google home page (skipped)</div>]]>
    </line>
    <line>
      <![CDATA[<div "result">And  I scroll down to the end of the page (skipped)</div>]]>
    </line>
    <line>
      <![CDATA[<div "result">When  I select &quot;Privacy&quot; link in the Google footer (skipped)</div>]]>
    </line>
    <line>
      <![CDATA[<div "result">Then  I verified the selected Google page by the existence of the &quot;Welcome to the Google Privacy Policy&quot; text (skipped)</div>]]>
    </line>
    <line>
      <![CDATA[<div "scenario">Scenario Outline: Selecting different footer links and checking the corresponding page</div>]]>
    </line>
    <line>
      <![CDATA[<div "result">Given  I launch the Google home page (skipped)</div>]]>
    </line>
    <line>
      <![CDATA[<div "result">And  I scroll down to the end of the page (skipped)</div>]]>
    </line>
    <line>
      <![CDATA[<div "featureFile">Feature File: features&#x2F;GoogleGmailSignin.feature</div>]]>
    </line>
    <line>
      <![CDATA[<div "feature">Feature: Gmail Account Sign in activity test</div>]]>
    </line>
    <line>
      <![CDATA[<div "result">When  I select &quot;Terms&quot; link in the Google footer (skipped)</div>]]>
    </line>
    <line>
      <![CDATA[<div "scenario">Scenario: Checking Google&#x27;s Gmail Sign In activities</div>]]>
    </line>
    <line>
      <![CDATA[<div "result">Then  I verified the selected Google page by the existence of the &quot;Google Terms of Service&quot; text (skipped)</div>]]>
    </line>
    <line>
      <![CDATA[<div "result">Given  I launch the Google home page (skipped)</div>]]>
    </line>
    <line>
      <![CDATA[<div "result">When  I clicked on the Sign in button on the upper-right corner (skipped)</div>]]>
    </line>
  </reporter-output>
  <suite name="Command line suite" duration-ms="947" started-at="2018-05-20T19:26:13Z" finished-at="2018-05-20T19:26:14Z">
    <groups>
      <group name="cucumber">
        <method signature="AbstractTestNGCucumberTests.run_cukes()[pri:0, instance:runner_classes.TestCukesRunner@17d677df]" name="run_cukes" class="cucumber.api.testng.AbstractTestNGCucumberTests"/>
      </group> <!-- cucumber -->
    </groups>
    <test name="Command line test" duration-ms="947" started-at="2018-05-20T19:26:13Z" finished-at="2018-05-20T19:26:14Z">
      <class name="runner_classes.TestCukesRunner">
        <test-method status="PASS" signature="initializeSuite(org.testng.ITestContext)[pri:0, instance:runner_classes.TestCukesRunner@17d677df]" name="initializeSuite" is-config="true" duration-ms="15" started-at="2018-05-20T15:26:13Z" finished-at="2018-05-20T15:26:13Z">
          <params>
            <param index="0">
              <value>
                <![CDATA[org.testng.TestRunner@59e505b2]]>
              </value>
            </param>
          </params>
          <reporter-output>
          </reporter-output>
        </test-method> <!-- initializeSuite -->
        <test-method status="FAIL" signature="run_cukes()[pri:0, instance:runner_classes.TestCukesRunner@17d677df]" name="run_cukes" duration-ms="934" started-at="2018-05-20T15:26:13Z" description="Runs Cucumber Features" finished-at="2018-05-20T15:26:14Z">
          <exception class="cucumber.runtime.CucumberException">
            <message>
              <![CDATA[java.lang.IllegalStateException: The driver is not executable: /Users/Dr.Mokter/workspace/WebProjectTestAutomation/./drivers/chromedriver.exe]]>
            </message>
            <full-stacktrace>
              <![CDATA[cucumber.runtime.CucumberException: java.lang.IllegalStateException: The driver is not executable: /Users/Dr.Mokter/workspace/WebProjectTestAutomation/./drivers/chromedriver.exe
	at cucumber.api.testng.TestNGCucumberRunner.runCukes(TestNGCucumberRunner.java:48)
	at cucumber.api.testng.AbstractTestNGCucumberTests.run_cukes(AbstractTestNGCucumberTests.java:14)
	at sun.reflect.NativeMethodAccessorImpl.invoke0(Native Method)
	at sun.reflect.NativeMethodAccessorImpl.invoke(NativeMethodAccessorImpl.java:62)
	at sun.reflect.DelegatingMethodAccessorImpl.invoke(DelegatingMethodAccessorImpl.java:43)
	at java.lang.reflect.Method.invoke(Method.java:498)
	at org.testng.internal.MethodInvocationHelper.invokeMethod(MethodInvocationHelper.java:84)
	at org.testng.internal.MethodInvocationHelper$1.runTestMethod(MethodInvocationHelper.java:200)
	at cucumber.api.testng.AbstractTestNGCucumberTests.run(AbstractTestNGCucumberTests.java:19)
	at sun.reflect.NativeMethodAccessorImpl.invoke0(Native Method)
	at sun.reflect.NativeMethodAccessorImpl.invoke(NativeMethodAccessorImpl.java:62)
	at sun.reflect.DelegatingMethodAccessorImpl.invoke(DelegatingMethodAccessorImpl.java:43)
	at java.lang.reflect.Method.invoke(Method.java:498)
	at org.testng.internal.MethodInvocationHelper.invokeHookable(MethodInvocationHelper.java:212)
	at org.testng.internal.Invoker.invokeMethod(Invoker.java:707)
	at org.testng.internal.Invoker.invokeTestMethod(Invoker.java:901)
	at org.testng.internal.Invoker.invokeTestMethods(Invoker.java:1231)
	at org.testng.internal.TestMethodWorker.invokeTestMethods(TestMethodWorker.java:127)
	at org.testng.internal.TestMethodWorker.run(TestMethodWorker.java:111)
	at org.testng.TestRunner.privateRun(TestRunner.java:767)
	at org.testng.TestRunner.run(TestRunner.java:617)
	at org.testng.SuiteRunner.runTest(SuiteRunner.java:348)
	at org.testng.SuiteRunner.runSequentially(SuiteRunner.java:343)
	at org.testng.SuiteRunner.privateRun(SuiteRunner.java:305)
	at org.testng.SuiteRunner.run(SuiteRunner.java:254)
	at org.testng.SuiteRunnerWorker.runSuite(SuiteRunnerWorker.java:52)
	at org.testng.SuiteRunnerWorker.run(SuiteRunnerWorker.java:86)
	at org.testng.TestNG.runSuitesSequentially(TestNG.java:1224)
	at org.testng.TestNG.runSuitesLocally(TestNG.java:1149)
	at org.testng.TestNG.run(TestNG.java:1057)
	at org.infinitest.testrunner.JUnit4Runner.runTestNGTest(JUnit4Runner.java:83)
	at org.infinitest.testrunner.JUnit4Runner.runTest(JUnit4Runner.java:63)
	at org.infinitest.testrunner.TestRunnerProcess.runTest(TestRunnerProcess.java:70)
	at org.infinitest.testrunner.TestRunnerProcess.writeTestResultToOutputStream(TestRunnerProcess.java:112)
	at org.infinitest.testrunner.TestRunnerProcess.main(TestRunnerProcess.java:89)
Caused by: java.lang.IllegalStateException: The driver is not executable: /Users/Dr.Mokter/workspace/WebProjectTestAutomation/./drivers/chromedriver.exe
	at com.google.common.base.Preconditions.checkState(Preconditions.java:518)
	at org.openqa.selenium.remote.service.DriverService.checkExecutable(DriverService.java:140)
	at org.openqa.selenium.remote.service.DriverService.findExecutable(DriverService.java:131)
	at org.openqa.selenium.chrome.ChromeDriverService.access$000(ChromeDriverService.java:32)
	at org.openqa.selenium.chrome.ChromeDriverService$Builder.findDefaultExecutable(ChromeDriverService.java:137)
	at org.openqa.selenium.remote.service.DriverService$Builder.build(DriverService.java:330)
	at org.openqa.selenium.chrome.ChromeDriverService.createDefaultService(ChromeDriverService.java:88)
	at org.openqa.selenium.chrome.ChromeDriver.<init>(ChromeDriver.java:124)
	at helper_classes.SetDriver.getBrowser(SetDriver.java:28)
	at sun.reflect.NativeMethodAccessorImpl.invoke0(Native Method)
	at sun.reflect.NativeMethodAccessorImpl.invoke(NativeMethodAccessorImpl.java:62)
	at sun.reflect.DelegatingMethodAccessorImpl.invoke(DelegatingMethodAccessorImpl.java:43)
	at java.lang.reflect.Method.invoke(Method.java:498)
	at cucumber.runtime.Utils$1.call(Utils.java:34)
	at cucumber.runtime.Timeout.timeout(Timeout.java:13)
	at cucumber.runtime.Utils.invoke(Utils.java:30)
	at cucumber.runtime.java.JavaHookDefinition.execute(JavaHookDefinition.java:59)
	at cucumber.runtime.Runtime.runHookIfTagsMatch(Runtime.java:222)
	at cucumber.runtime.Runtime.runHooks(Runtime.java:210)
	at cucumber.runtime.Runtime.runBeforeHooks(Runtime.java:200)
	at cucumber.runtime.model.CucumberScenario.run(CucumberScenario.java:44)
	at cucumber.runtime.model.CucumberFeature.run(CucumberFeature.java:163)
	at cucumber.runtime.Runtime.run(Runtime.java:120)
	at cucumber.api.testng.TestNGCucumberRunner.runCukes(TestNGCucumberRunner.java:43)
	... 34 more
]]>
            </full-stacktrace>
          </exception> <!-- cucumber.runtime.CucumberException -->
          <reporter-output>
            <line>
              <![CDATA[<div "featureFile">Feature File: features&#x2F;GoogleFooterLinkTests.feature</div>]]>
            </line>
            <line>
              <![CDATA[<div "feature">Feature: Google Footer links Checkup</div>]]>
            </line>
            <line>
              <![CDATA[<div "result">Given  I launch the Google home page (skipped)</div>]]>
            </line>
            <line>
              <![CDATA[<div "result">And  I scroll down to the end of the page (skipped)</div>]]>
            </line>
            <line>
              <![CDATA[<div "scenario">Scenario: Terms Link test</div>]]>
            </line>
            <line>
              <![CDATA[<div "result">When  I click on the Terms link (skipped)</div>]]>
            </line>
            <line>
              <![CDATA[<div "result">Then  I see the Terms page (skipped)</div>]]>
            </line>
            <line>
              <![CDATA[<div "scenarioOutline">Scenario Outline: Selecting different footer links and checking the corresponding page</div>]]>
            </line>
            <line>
              <![CDATA[<div "result">When  I select &quot;&lt;footerLink_text&gt;&quot; link in the Google footer (skipped)</div>]]>
            </line>
            <line>
              <![CDATA[<div "result">Then  I verified the selected Google page by the existence of the &quot;&lt;linkedPage_text&gt;&quot; text (skipped)</div>]]>
            </line>
            <line>
              <![CDATA[<div "scenario">Scenario Outline: Selecting different footer links and checking the corresponding page</div>]]>
            </line>
            <line>
              <![CDATA[<div "result">Given  I launch the Google home page (skipped)</div>]]>
            </line>
            <line>
              <![CDATA[<div "result">And  I scroll down to the end of the page (skipped)</div>]]>
            </line>
            <line>
              <![CDATA[<div "result">When  I select &quot;Privacy&quot; link in the Google footer (skipped)</div>]]>
            </line>
            <line>
              <![CDATA[<div "result">Then  I verified the selected Google page by the existence of the &quot;Welcome to the Google Privacy Policy&quot; text (skipped)</div>]]>
            </line>
            <line>
              <![CDATA[<div "scenario">Scenario Outline: Selecting different footer links and checking the corresponding page</div>]]>
            </line>
            <line>
              <![CDATA[<div "result">Given  I launch the Google home page (skipped)</div>]]>
            </line>
            <line>
              <![CDATA[<div "result">And  I scroll down to the end of the page (skipped)</div>]]>
            </line>
            <line>
              <![CDATA[<div "featureFile">Feature File: features&#x2F;GoogleGmailSignin.feature</div>]]>
            </line>
            <line>
              <![CDATA[<div "feature">Feature: Gmail Account Sign in activity test</div>]]>
            </line>
            <line>
              <![CDATA[<div "result">When  I select &quot;Terms&quot; link in the Google footer (skipped)</div>]]>
            </line>
            <line>
              <![CDATA[<div "scenario">Scenario: Checking Google&#x27;s Gmail Sign In activities</div>]]>
            </line>
            <line>
              <![CDATA[<div "result">Then  I verified the selected Google page by the existence of the &quot;Google Terms of Service&quot; text (skipped)</div>]]>
            </line>
            <line>
              <![CDATA[<div "result">Given  I launch the Google home page (skipped)</div>]]>
            </line>
            <line>
              <![CDATA[<div "result">When  I clicked on the Sign in button on the upper-right corner (skipped)</div>]]>
            </line>
          </reporter-output>
        </test-method> <!-- run_cukes -->
        <test-method status="PASS" signature="afterSuite()[pri:0, instance:runner_classes.TestCukesRunner@17d677df]" name="afterSuite" is-config="true" duration-ms="0" started-at="2018-05-20T15:26:14Z" finished-at="2018-05-20T15:26:14Z">
          <reporter-output>
          </reporter-output>
        </test-method> <!-- afterSuite -->
      </class> <!-- runner_classes.TestCukesRunner -->
    </test> <!-- Command line test -->
  </suite> <!-- Command line suite -->
</testng-results>
